INFO:  latexindent version 3.18, 2022-06-12, a script to indent .tex files
       latexindent lives here: /usr/share/texlive/texmf-dist/scripts/latexindent/
       Fri Jun  2 14:38:01 2023
       Filename: /home/momo/Documents/Studium/Uni M.Sc/3. Semester SoSe 2023/Regularity Theory of Elliptic PDEs/Script/chapters/__latexindent_temp_chapter01-2.tex
INFO:  Processing switches:
       -m|--modifylinebreaks: modify line breaks
       -c|--cruft: cruft directory
INFO:  Directory for backup files and /home/momo/Documents/Studium/Uni M.Sc/3. Semester SoSe 2023/Regularity Theory of Elliptic PDEs/Script/indent.log:
       /home/momo/Documents/Studium/Uni M.Sc/3. Semester SoSe 2023/Regularity Theory of Elliptic PDEs/Script
INFO:  YAML settings read: defaultSettings.yaml
       Reading defaultSettings.yaml from /usr/share/texlive/texmf-dist/scripts/latexindent/defaultSettings.yaml
INFO:  YAML settings read: indentconfig.yaml or .indentconfig.yaml
       Reading path information from /home/momo/.indentconfig.yaml
       (Alternatively /home/momo/indentconfig.yaml can be used)
       ---
       paths:
         - /home/momo/.config/latexindent.yaml

INFO:  YAML settings, reading from the following files:
       Reading USER settings from /home/momo/.config/latexindent.yaml
       ---
       defaultIndent: "\t"
       lookForAlignDelims:
         align:
           alignDoubleBackSlash: '0'
           delims: '1'
           spacesBeforeDoubleBackSlash: '2'
         gather:
           alignDoubleBackSlash: '0'
           delims: '1'
           spacesBeforeDoubleBackSlash: '2'
       removeTrailingWhitespace: '1'

INFO:  Phase 1: searching for objects
INFO:  Phase 2: finding surrounding indentation
INFO:  Phase 3: indenting objects
INFO:  Phase 4: final indentation check
INFO:  Output routine:
       Not outputting to file; see -w and -o switches for more options.
       --------------
INFO:  Please direct all communication/issues to:
        https://github.com/cmhughes/latexindent.pl
